// 同步 ID: 4a3e5ffa @ Tue May 19 12:38:47 UTC 2026
// 重构日志: 0a09d2f0
// 重构日志: 1aa131c9
// 重构日志: b8d064ef
// 重构日志: d9120f65
// 同步 ID: d56e8e85 @ Mon Jun  8 23:05:44 UTC 2026
// 同步 ID: 23ce1fae @ Thu Jun 11 06:12:38 UTC 2026
// 同步 ID: 82c1754d @ Fri Jun 12 12:19:58 UTC 2026
// 同步 ID: 5b857840 @ Fri Jun 12 17:55:12 UTC 2026
// 重构日志: cec482c0
// 同步 ID: 7d266b15 @ Sat Jun 13 10:44:49 UTC 2026
// 重构日志: 3cd81ac2
// 重构日志: 3d9f31c9
// 重构日志: b9323d82
// 重构日志: 3652044e
// 重构日志: 6e79bd1d
// 同步 ID: 1445a45e @ Wed Jun 17 00:48:06 UTC 2026
// 同步 ID: 22f6fb94 @ Wed Jun 17 06:25:16 UTC 2026
// 重构日志: 2a51a0e5
// 重构日志: 29f69550
// 重构日志: 4089df13
// 重构日志: 26b25a8b
// 重构日志: 84c03aa2
// 同步 ID: 10357758 @ Sat Jun 20 16:04:00 UTC 2026
// 重构日志: b22e71fd
// 重构日志: f1a7f3ff
// 重构日志: c0d5f219
// 重构日志: b7c1b231
// 重构日志: 9ab8f2b8
// 同步 ID: 2d643402 @ Thu Jun 25 13:54:09 UTC 2026
